2025-10-09T04:44:31.007Z - GET /api/books
2025-10-09T04:45:15.870Z - GET /
2025-10-09T04:45:16.930Z - GET /
2025-10-09T04:45:18.013Z - GET /
2025-10-09T04:45:18.929Z - GET /
2025-10-09T04:45:20.463Z - GET /
2025-10-09T04:45:20.624Z - GET /
2025-10-09T04:45:20.810Z - GET /
2025-10-09T04:45:20.984Z - GET /
2025-10-09T04:45:21.214Z - GET /
2025-10-09T04:45:21.762Z - GET /
2025-10-09T04:45:21.946Z - GET /
2025-10-09T04:45:22.164Z - GET /
2025-10-09T04:49:00.357Z - GET /api/books
2025-10-09T04:50:20.500Z - GET /api/books/1
2025-10-09T04:51:05.768Z - POST /api/books
2025-10-09T04:52:37.732Z - GET /api/books
2025-10-09T04:54:22.555Z - POST /api/books
2025-10-09T04:54:50.711Z - POST /api/books
2025-10-09T04:55:29.321Z - GET /api/books/1
2025-10-09T04:55:39.813Z - GET /api/books/1
2025-10-09T04:56:56.806Z - PUT /api/books/2
2025-10-09T04:57:34.761Z - DELETE /api/books/1
2025-10-10T03:54:56.868Z - GET /
2025-10-10T03:54:56.947Z - GET /favicon.ico
